<?xml version="1.0" encoding="UTF-8"?>
<!-- Generated by org.testng.reporters.JUnitReportReporter -->
<testsuite skipped="0" hostname="ip-172-31-95-9" name="tdd.PrimeCheckTest" tests="3" failures="0" timestamp="12 Nov 2021 06:58:46 GMT" time="0.010" errors="0">
  <testcase name="isPrimeTest1" time="0.009" classname="tdd.PrimeCheckTest"/>
  <testcase name="isPrimeTest2" time="0.001" classname="tdd.PrimeCheckTest"/>
  <testcase name="isPrimeTest3" time="0.000" classname="tdd.PrimeCheckTest"/>
</testsuite> <!-- tdd.PrimeCheckTest -->
