<?xml version="1.0" encoding="UTF-8"?>
<!-- Generated by org.testng.reporters.JUnitReportReporter -->
<testsuite skipped="2" hostname="ip-172-31-95-9" name="test.LoginTest" tests="3" failures="0" timestamp="15 Nov 2021 05:33:10 GMT" time="4.975" errors="0">
  <testcase name="ExcelTest" time="4.975" classname="test.LoginTest"/>
  <testcase name="Negativelogin" classname="test.LoginTest">
    <skipped/>
  </testcase> <!-- Negativelogin -->
  <testcase name="Positivelogin" classname="test.LoginTest">
    <skipped/>
  </testcase> <!-- Positivelogin -->
</testsuite> <!-- test.LoginTest -->
