<?xml version="1.0" encoding="UTF-8"?>
<!-- Generated by org.testng.reporters.JUnitReportReporter -->
<testsuite skipped="0" hostname="ip-172-31-95-9" name="test.GridTest" tests="1" failures="0" timestamp="12 Nov 2021 05:26:14 GMT" time="1.441" errors="0">
  <testcase name="LunchBrowser" time="1.441" classname="test.GridTest"/>
</testsuite> <!-- test.GridTest -->
