<?xml version="1.0" encoding="UTF-8"?>
<!-- Generated by org.testng.reporters.JUnitReportReporter -->
<testsuite skipped="0" hostname="ip-172-31-95-9" name="tdd.CalculatorTest" tests="2" failures="0" timestamp="12 Nov 2021 06:40:22 GMT" time="0.009" errors="0">
  <testcase name="AddTest1" time="0.008" classname="tdd.CalculatorTest"/>
  <testcase name="AddTest2" time="0.001" classname="tdd.CalculatorTest"/>
</testsuite> <!-- tdd.CalculatorTest -->
